[2026-02-25 02:57:57.039] [jointLog] [info] setting maxHashResizeThreads to 8
[2026-02-25 02:57:57.040] [jointLog] [info] Fragment incompatibility prior below threshold.  Incompatible fragments will be ignored.
[2026-02-25 02:57:57.040] [jointLog] [info] Usage of --validateMappings implies use of minScoreFraction. Since not explicitly specified, it is being set to 0.65
[2026-02-25 02:57:57.041] [jointLog] [info] Setting consensusSlack to selective-alignment default of 0.35.
[2026-02-25 02:57:57.041] [jointLog] [info] parsing read library format
[2026-02-25 02:57:57.041] [jointLog] [info] There is 1 library.
[2026-02-25 02:57:57.045] [jointLog] [info] Loading pufferfish index
[2026-02-25 02:57:57.047] [jointLog] [info] Loading dense pufferfish index.
[2026-02-25 02:57:57.113] [jointLog] [info] done
[2026-02-25 02:57:57.224] [jointLog] [info] Index contained 6092 targets
[2026-02-25 02:57:57.225] [jointLog] [info] Number of decoys : 0
[2026-02-25 02:57:57.375] [jointLog] [info] Automatically detected most likely library type as U

[2026-02-25 02:58:04.537] [jointLog] [info] Computed 7133 rich equivalence classes for further processing
[2026-02-25 02:58:04.537] [jointLog] [info] Counted 5774189 total reads in the equivalence classes 
[2026-02-25 02:58:04.541] [jointLog] [info] Number of mappings discarded because of alignment score : 171389
[2026-02-25 02:58:04.541] [jointLog] [info] Number of fragments entirely discarded because of alignment score : 59987
[2026-02-25 02:58:04.541] [jointLog] [info] Number of fragments discarded because they are best-mapped to decoys : 0
[2026-02-25 02:58:04.541] [jointLog] [info] Number of fragments discarded because they have only dovetail (discordant) mappings to valid targets : 0
[2026-02-25 02:58:04.541] [jointLog] [info] Mapping rate = 85.7348%

[2026-02-25 02:58:04.541] [jointLog] [info] finished quantifyLibrary()
[2026-02-25 02:58:04.543] [jointLog] [info] Starting optimizer
[2026-02-25 02:58:04.566] [jointLog] [info] Marked 0 weighted equivalence classes as degenerate
[2026-02-25 02:58:04.576] [jointLog] [info] iteration = 0 | max rel diff. = 1855.5
[2026-02-25 02:58:04.537] [fileLog] [info] 
At end of round 0
==================
Observed 6734945 total fragments (6734945 in most recent round)

[2026-02-25 02:58:04.778] [jointLog] [info] iteration = 100 | max rel diff. = 0.563512
[2026-02-25 02:58:04.810] [jointLog] [info] iteration = 117 | max rel diff. = 0.00660558
[2026-02-25 02:58:04.811] [jointLog] [info] Finished optimizer
[2026-02-25 02:58:04.811] [jointLog] [info] writing output 

