[2026-02-25 02:57:49.226] [jointLog] [info] setting maxHashResizeThreads to 8
[2026-02-25 02:57:49.227] [jointLog] [info] Fragment incompatibility prior below threshold.  Incompatible fragments will be ignored.
[2026-02-25 02:57:49.227] [jointLog] [info] Usage of --validateMappings implies use of minScoreFraction. Since not explicitly specified, it is being set to 0.65
[2026-02-25 02:57:49.227] [jointLog] [info] Setting consensusSlack to selective-alignment default of 0.35.
[2026-02-25 02:57:49.228] [jointLog] [info] parsing read library format
[2026-02-25 02:57:49.228] [jointLog] [info] There is 1 library.
[2026-02-25 02:57:49.231] [jointLog] [info] Loading pufferfish index
[2026-02-25 02:57:49.232] [jointLog] [info] Loading dense pufferfish index.
[2026-02-25 02:57:49.310] [jointLog] [info] done
[2026-02-25 02:57:49.398] [jointLog] [info] Index contained 6092 targets
[2026-02-25 02:57:49.400] [jointLog] [info] Number of decoys : 0
[2026-02-25 02:57:49.537] [jointLog] [info] Automatically detected most likely library type as U

[2026-02-25 02:57:56.038] [jointLog] [info] Computed 6898 rich equivalence classes for further processing
[2026-02-25 02:57:56.038] [jointLog] [info] Counted 5822416 total reads in the equivalence classes 
[2026-02-25 02:57:56.042] [jointLog] [info] Number of mappings discarded because of alignment score : 126778
[2026-02-25 02:57:56.042] [jointLog] [info] Number of fragments entirely discarded because of alignment score : 37572
[2026-02-25 02:57:56.042] [jointLog] [info] Number of fragments discarded because they are best-mapped to decoys : 0
[2026-02-25 02:57:56.042] [jointLog] [info] Number of fragments discarded because they have only dovetail (discordant) mappings to valid targets : 0
[2026-02-25 02:57:56.042] [jointLog] [info] Mapping rate = 92.2832%

[2026-02-25 02:57:56.042] [jointLog] [info] finished quantifyLibrary()
[2026-02-25 02:57:56.046] [jointLog] [info] Starting optimizer
[2026-02-25 02:57:56.071] [jointLog] [info] Marked 0 weighted equivalence classes as degenerate
[2026-02-25 02:57:56.081] [jointLog] [info] iteration = 0 | max rel diff. = 27097.3
[2026-02-25 02:57:56.296] [jointLog] [info] iteration = 100 | max rel diff. = 0.101824
[2026-02-25 02:57:56.320] [jointLog] [info] iteration = 112 | max rel diff. = 0.0041726
[2026-02-25 02:57:56.321] [jointLog] [info] Finished optimizer
[2026-02-25 02:57:56.321] [jointLog] [info] writing output 

[2026-02-25 02:57:56.039] [fileLog] [info] 
At end of round 0
==================
Observed 6309292 total fragments (6309292 in most recent round)

